<?xml version="1.0" encoding="UTF-8"?>
<!-- Generated by org.testng.reporters.JUnitXMLReporter -->
<testsuite ignored="0" hostname="DAKSHIT-HP" failures="0" tests="3" name="Smoke_TestsForSignUp" time="68.838" errors="0" timestamp="2025-09-16T08:08:43 IST">
  <testcase classname="MobileTesting.SignUp_Validation" name="passwordLenghthMustBe" time="8.021"/>
  <testcase classname="MobileTesting.SignUp_Validation" name="signUpFormFieldChecking" time="11.826"/>
  <testcase classname="MobileTesting.SignUp_Validation" name="signUpWithInvalidEmail" time="12.182"/>
</testsuite> <!-- Smoke_TestsForSignUp -->
