<?xml version="1.0" encoding="UTF-8"?>
<!-- Generated by org.testng.reporters.JUnitXMLReporter -->
<testsuite ignored="0" hostname="DAKSHIT-HP" failures="0" tests="2" name="Smoke_TestsForForgotPswd" time="44.64" errors="0" timestamp="2025-09-16T08:09:28 IST">
  <testcase classname="MobileTesting.ForgotPswd_validation" name="forgotpswdChecking" time="12.299"/>
  <testcase classname="MobileTesting.ForgotPswd_validation" name="forgotpswdWithWorngEmail" time="9.991"/>
</testsuite> <!-- Smoke_TestsForForgotPswd -->
