<?xml version="1.0" encoding="UTF-8"?>
<!-- Generated by org.testng.reporters.JUnitXMLReporter -->
<testsuite ignored="0" hostname="DAKSHIT-HP" failures="0" tests="4" name="Sanity_Checks" time="114.036" errors="0" timestamp="2025-09-16T08:17:04 IST">
  <testcase classname="MobileTesting.Login_Validation" name="verifyInvalidEmailToast" time="12.775"/>
  <testcase classname="MobileTesting.Login_Validation" name="verifyInvalidPasswordToast" time="8.758"/>
  <testcase classname="MobileTesting.Login_Validation" name="verifySuccessfulLoginToast" time="9.336"/>
  <testcase classname="MobileTesting.Profile_Validation" name="ProfileFunctionality" time="10.578"/>
</testsuite> <!-- Sanity_Checks -->
