<?xml version="1.0" encoding="UTF-8"?>
<!-- Generated by org.testng.reporters.JUnitXMLReporter -->
<testsuite ignored="0" hostname="DAKSHIT-HP" failures="0" tests="4" name="Critical_Flows" time="212.724" errors="0" timestamp="2025-09-16T07:54:40 IST">
  <testcase classname="MobileTesting.Home_Validatation" name="verifyHomePageContentAfterLogin" time="32.446"/>
  <testcase classname="MobileTesting.Internship_Validation" name="summerInterChecking" time="42.505"/>
  <testcase classname="MobileTesting.CareerGuidance_Validation" name="checkCareerGuidanceMenuPresence" time="51.074"/>
  <testcase classname="MobileTesting.JobAssistance_Validation" name="jobSectionChecking" time="26.125"/>
</testsuite> <!-- Critical_Flows -->
