<?xml version="1.0" encoding="UTF-8"?>
<!-- Generated by org.testng.reporters.JUnitXMLReporter -->
<testsuite ignored="0" hostname="DAKSHIT-HP" failures="0" tests="5" name="Full_Regression_Tests" time="218.333" errors="0" timestamp="2025-09-15T18:26:37 IST">
  <testcase classname="MobileTesting.Home_Validatation" name="verifyHomePageContentAfterLogin" time="32.83"/>
  <testcase classname="MobileTesting.Profile_Validation" name="ProfileFunctionality" time="11.135"/>
  <testcase classname="MobileTesting.CareerGuidance_Validation" name="checkCareerGuidanceMenuPresence" time="54.311"/>
  <testcase classname="MobileTesting.Internship_Validation" name="summerInterChecking" time="45.841"/>
  <testcase classname="MobileTesting.JobAssistance_Validation" name="jobSectionChecking" time="26.125"/>
</testsuite> <!-- Full_Regression_Tests -->
