<?xml version="1.0" encoding="UTF-8"?>
<!-- Generated by org.testng.reporters.JUnitXMLReporter -->
<testsuite ignored="0" hostname="DAKSHIT-HP" failures="0" tests="5" name="Smoke_Tests" time="159.999" errors="0" timestamp="2025-09-16T07:58:02 IST">
  <testcase classname="MobileTesting.SignUp_Validation" name="passwordLenghthMustBe" time="8.194"/>
  <testcase classname="MobileTesting.SignUp_Validation" name="signUpFormFieldChecking" time="12.475"/>
  <testcase classname="MobileTesting.SignUp_Validation" name="signUpWithInvalidEmail" time="11.618"/>
  <testcase classname="MobileTesting.ForgotPswd_validation" name="forgotpswdChecking" time="8.515"/>
  <testcase classname="MobileTesting.ForgotPswd_validation" name="forgotpswdWithWorngEmail" time="8.357"/>
</testsuite> <!-- Smoke_Tests -->
