<?xml version="1.0" encoding="UTF-8"?>
<!-- Generated by org.testng.reporters.JUnitXMLReporter -->
<testsuite ignored="0" hostname="DAKSHIT-HP" failures="0" tests="2" name="Smoke_TestsForForgotPswd" time="37.57" errors="0" timestamp="2025-09-16T08:01:31 IST">
  <testcase classname="MobileTesting.ForgotPswd_validation" name="forgotpswdChecking" time="8.183"/>
  <testcase classname="MobileTesting.ForgotPswd_validation" name="forgotpswdWithWorngEmail" time="7.261"/>
</testsuite> <!-- Smoke_TestsForForgotPswd -->
