<?xml version="1.0" encoding="UTF-8"?>
<!-- Generated by org.testng.reporters.JUnitXMLReporter -->
<testsuite ignored="0" hostname="DAKSHIT-HP" failures="0" tests="3" name="Smoke_TestsForSignUp" time="67.564" errors="0" timestamp="2025-09-16T08:00:54 IST">
  <testcase classname="MobileTesting.SignUp_Validation" name="passwordLenghthMustBe" time="7.869"/>
  <testcase classname="MobileTesting.SignUp_Validation" name="signUpFormFieldChecking" time="12.315"/>
  <testcase classname="MobileTesting.SignUp_Validation" name="signUpWithInvalidEmail" time="11.665"/>
</testsuite> <!-- Smoke_TestsForSignUp -->
